1768296674.162291 client started (178514): version 3.5a, socket /tmp/tmux-1000/default, protocol 8
1768296674.162329 on Linux 6.17.12-300.fc43.x86_64 #1 SMP PREEMPT_DYNAMIC Sat Dec 13 05:06:24 UTC 2025
1768296674.162365 using libevent 2.1.12-stable poll
1768296674.162373 using ncurses 6.5 20250614
1768296674.162410 flags are 0x18010000
1768296674.162430 socket is /tmp/tmux-1000/default
1768296674.162462 trying connect
1768296674.162611 add peer 0x55f63f997480: 6 ((nil))
1768296674.163238 sending message 111 to peer 0x55f63f997480 (8 bytes)
1768296674.163259 sending message 111 to peer 0x55f63f997480 (8 bytes)
1768296674.163266 sending message 101 to peer 0x55f63f997480 (12 bytes)
1768296674.163272 sending message 109 to peer 0x55f63f997480 (4 bytes)
1768296674.163280 sending message 102 to peer 0x55f63f997480 (11 bytes)
1768296674.163290 sending message 108 to peer 0x55f63f997480 (25 bytes)
1768296674.163300 sending message 112 to peer 0x55f63f997480 (70 bytes)
1768296674.163309 sending message 112 to peer 0x55f63f997480 (5 bytes)
1768296674.163318 sending message 112 to peer 0x55f63f997480 (6 bytes)
1768296674.163327 sending message 112 to peer 0x55f63f997480 (6 bytes)
1768296674.163335 sending message 112 to peer 0x55f63f997480 (10 bytes)
1768296674.163344 sending message 112 to peer 0x55f63f997480 (13 bytes)
1768296674.163373 sending message 112 to peer 0x55f63f997480 (14 bytes)
1768296674.163384 sending message 112 to peer 0x55f63f997480 (19 bytes)
1768296674.163395 sending message 112 to peer 0x55f63f997480 (11 bytes)
1768296674.163406 sending message 112 to peer 0x55f63f997480 (10 bytes)
1768296674.163418 sending message 112 to peer 0x55f63f997480 (15 bytes)
1768296674.163427 sending message 112 to peer 0x55f63f997480 (21 bytes)
1768296674.163437 sending message 112 to peer 0x55f63f997480 (13 bytes)
1768296674.163447 sending message 112 to peer 0x55f63f997480 (7 bytes)
1768296674.163458 sending message 112 to peer 0x55f63f997480 (13 bytes)
1768296674.163468 sending message 112 to peer 0x55f63f997480 (7 bytes)
1768296674.163479 sending message 112 to peer 0x55f63f997480 (13 bytes)
1768296674.163489 sending message 112 to peer 0x55f63f997480 (9 bytes)
1768296674.163499 sending message 112 to peer 0x55f63f997480 (21 bytes)
1768296674.163508 sending message 112 to peer 0x55f63f997480 (13 bytes)
1768296674.163518 sending message 112 to peer 0x55f63f997480 (9 bytes)
1768296674.163527 sending message 112 to peer 0x55f63f997480 (16 bytes)
1768296674.163538 sending message 112 to peer 0x55f63f997480 (13 bytes)
1768296674.163548 sending message 112 to peer 0x55f63f997480 (9 bytes)
1768296674.163558 sending message 112 to peer 0x55f63f997480 (9 bytes)
1768296674.163568 sending message 112 to peer 0x55f63f997480 (12 bytes)
1768296674.163574 sending message 112 to peer 0x55f63f997480 (8 bytes)
1768296674.163580 sending message 112 to peer 0x55f63f997480 (13 bytes)
1768296674.163586 sending message 112 to peer 0x55f63f997480 (7 bytes)
1768296674.163592 sending message 112 to peer 0x55f63f997480 (7 bytes)
1768296674.163598 sending message 112 to peer 0x55f63f997480 (9 bytes)
1768296674.163605 sending message 112 to peer 0x55f63f997480 (6 bytes)
1768296674.163611 sending message 112 to peer 0x55f63f997480 (9 bytes)
1768296674.163617 sending message 112 to peer 0x55f63f997480 (15 bytes)
1768296674.163623 sending message 112 to peer 0x55f63f997480 (13 bytes)
1768296674.163629 sending message 112 to peer 0x55f63f997480 (12 bytes)
1768296674.163635 sending message 112 to peer 0x55f63f997480 (8 bytes)
1768296674.163641 sending message 112 to peer 0x55f63f997480 (14 bytes)
1768296674.163646 sending message 112 to peer 0x55f63f997480 (9 bytes)
1768296674.163653 sending message 112 to peer 0x55f63f997480 (10 bytes)
1768296674.163659 sending message 112 to peer 0x55f63f997480 (10 bytes)
1768296674.163670 sending message 112 to peer 0x55f63f997480 (10 bytes)
1768296674.163679 sending message 112 to peer 0x55f63f997480 (10 bytes)
1768296674.163688 sending message 112 to peer 0x55f63f997480 (11 bytes)
1768296674.163697 sending message 112 to peer 0x55f63f997480 (12 bytes)
1768296674.163725 sending message 112 to peer 0x55f63f997480 (12 bytes)
1768296674.163754 sending message 112 to peer 0x55f63f997480 (12 bytes)
1768296674.163764 sending message 112 to peer 0x55f63f997480 (12 bytes)
1768296674.163774 sending message 112 to peer 0x55f63f997480 (12 bytes)
1768296674.163784 sending message 112 to peer 0x55f63f997480 (11 bytes)
1768296674.163795 sending message 112 to peer 0x55f63f997480 (11 bytes)
1768296674.163806 sending message 112 to peer 0x55f63f997480 (12 bytes)
1768296674.163816 sending message 112 to peer 0x55f63f997480 (12 bytes)
1768296674.163826 sending message 112 to peer 0x55f63f997480 (12 bytes)
1768296674.163835 sending message 112 to peer 0x55f63f997480 (12 bytes)
1768296674.163845 sending message 112 to peer 0x55f63f997480 (12 bytes)
1768296674.163854 sending message 112 to peer 0x55f63f997480 (9 bytes)
1768296674.163865 sending message 112 to peer 0x55f63f997480 (12 bytes)
1768296674.163875 sending message 112 to peer 0x55f63f997480 (13 bytes)
1768296674.163885 sending message 112 to peer 0x55f63f997480 (13 bytes)
1768296674.163893 sending message 112 to peer 0x55f63f997480 (13 bytes)
1768296674.163899 sending message 112 to peer 0x55f63f997480 (13 bytes)
1768296674.163905 sending message 112 to peer 0x55f63f997480 (13 bytes)
1768296674.163911 sending message 112 to peer 0x55f63f997480 (8 bytes)
1768296674.163917 sending message 112 to peer 0x55f63f997480 (11 bytes)
1768296674.163923 sending message 112 to peer 0x55f63f997480 (11 bytes)
1768296674.163930 sending message 112 to peer 0x55f63f997480 (11 bytes)
1768296674.163936 sending message 112 to peer 0x55f63f997480 (12 bytes)
1768296674.163942 sending message 112 to peer 0x55f63f997480 (12 bytes)
1768296674.163948 sending message 112 to peer 0x55f63f997480 (13 bytes)
1768296674.163954 sending message 112 to peer 0x55f63f997480 (12 bytes)
1768296674.163960 sending message 112 to peer 0x55f63f997480 (13 bytes)
1768296674.163966 sending message 112 to peer 0x55f63f997480 (13 bytes)
1768296674.163972 sending message 112 to peer 0x55f63f997480 (13 bytes)
1768296674.163978 sending message 112 to peer 0x55f63f997480 (8 bytes)
1768296674.163984 sending message 112 to peer 0x55f63f997480 (13 bytes)
1768296674.163990 sending message 112 to peer 0x55f63f997480 (13 bytes)
1768296674.163998 sending message 112 to peer 0x55f63f997480 (13 bytes)
1768296674.164008 sending message 112 to peer 0x55f63f997480 (13 bytes)
1768296674.164018 sending message 112 to peer 0x55f63f997480 (13 bytes)
1768296674.164031 sending message 112 to peer 0x55f63f997480 (12 bytes)
1768296674.164039 sending message 112 to peer 0x55f63f997480 (12 bytes)
1768296674.164047 sending message 112 to peer 0x55f63f997480 (13 bytes)
1768296674.164056 sending message 112 to peer 0x55f63f997480 (12 bytes)
1768296674.164064 sending message 112 to peer 0x55f63f997480 (13 bytes)
1768296674.164073 sending message 112 to peer 0x55f63f997480 (8 bytes)
1768296674.164082 sending message 112 to peer 0x55f63f997480 (13 bytes)
1768296674.164092 sending message 112 to peer 0x55f63f997480 (13 bytes)
1768296674.164102 sending message 112 to peer 0x55f63f997480 (13 bytes)
1768296674.164111 sending message 112 to peer 0x55f63f997480 (13 bytes)
1768296674.164120 sending message 112 to peer 0x55f63f997480 (13 bytes)
1768296674.164129 sending message 112 to peer 0x55f63f997480 (13 bytes)
1768296674.164137 sending message 112 to peer 0x55f63f997480 (13 bytes)
1768296674.164148 sending message 112 to peer 0x55f63f997480 (12 bytes)
1768296674.164158 sending message 112 to peer 0x55f63f997480 (12 bytes)
1768296674.164168 sending message 112 to peer 0x55f63f997480 (13 bytes)
1768296674.164178 sending message 112 to peer 0x55f63f997480 (8 bytes)
1768296674.164188 sending message 112 to peer 0x55f63f997480 (12 bytes)
1768296674.164199 sending message 112 to peer 0x55f63f997480 (13 bytes)
1768296674.164208 sending message 112 to peer 0x55f63f997480 (13 bytes)
1768296674.164219 sending message 112 to peer 0x55f63f997480 (13 bytes)
1768296674.164229 sending message 112 to peer 0x55f63f997480 (13 bytes)
1768296674.164253 sending message 112 to peer 0x55f63f997480 (13 bytes)
1768296674.164269 sending message 112 to peer 0x55f63f997480 (13 bytes)
1768296674.164279 sending message 112 to peer 0x55f63f997480 (13 bytes)
1768296674.164288 sending message 112 to peer 0x55f63f997480 (13 bytes)
1768296674.164298 sending message 112 to peer 0x55f63f997480 (12 bytes)
1768296674.164308 sending message 112 to peer 0x55f63f997480 (10 bytes)
1768296674.164316 sending message 112 to peer 0x55f63f997480 (12 bytes)
1768296674.164324 sending message 112 to peer 0x55f63f997480 (13 bytes)
1768296674.164333 sending message 112 to peer 0x55f63f997480 (12 bytes)
1768296674.164342 sending message 112 to peer 0x55f63f997480 (13 bytes)
1768296674.164369 sending message 112 to peer 0x55f63f997480 (13 bytes)
1768296674.164379 sending message 112 to peer 0x55f63f997480 (13 bytes)
1768296674.164390 sending message 112 to peer 0x55f63f997480 (13 bytes)
1768296674.164401 sending message 112 to peer 0x55f63f997480 (13 bytes)
1768296674.164412 sending message 112 to peer 0x55f63f997480 (13 bytes)
1768296674.164422 sending message 112 to peer 0x55f63f997480 (13 bytes)
1768296674.164431 sending message 112 to peer 0x55f63f997480 (10 bytes)
1768296674.164440 sending message 112 to peer 0x55f63f997480 (13 bytes)
1768296674.164449 sending message 112 to peer 0x55f63f997480 (12 bytes)
1768296674.164457 sending message 112 to peer 0x55f63f997480 (12 bytes)
1768296674.164465 sending message 112 to peer 0x55f63f997480 (13 bytes)
1768296674.164473 sending message 112 to peer 0x55f63f997480 (10 bytes)
1768296674.164481 sending message 112 to peer 0x55f63f997480 (10 bytes)
1768296674.164488 sending message 112 to peer 0x55f63f997480 (10 bytes)
1768296674.164496 sending message 112 to peer 0x55f63f997480 (12 bytes)
1768296674.164505 sending message 112 to peer 0x55f63f997480 (13 bytes)
1768296674.164514 sending message 112 to peer 0x55f63f997480 (13 bytes)
1768296674.164529 sending message 112 to peer 0x55f63f997480 (13 bytes)
1768296674.164537 sending message 112 to peer 0x55f63f997480 (13 bytes)
1768296674.164546 sending message 112 to peer 0x55f63f997480 (13 bytes)
1768296674.164554 sending message 112 to peer 0x55f63f997480 (10 bytes)
1768296674.164562 sending message 112 to peer 0x55f63f997480 (11 bytes)
1768296674.164570 sending message 112 to peer 0x55f63f997480 (12 bytes)
1768296674.164579 sending message 112 to peer 0x55f63f997480 (12 bytes)
1768296674.164587 sending message 112 to peer 0x55f63f997480 (12 bytes)
1768296674.164597 sending message 112 to peer 0x55f63f997480 (12 bytes)
1768296674.164606 sending message 112 to peer 0x55f63f997480 (12 bytes)
1768296674.164615 sending message 112 to peer 0x55f63f997480 (11 bytes)
1768296674.164624 sending message 112 to peer 0x55f63f997480 (12 bytes)
1768296674.164633 sending message 112 to peer 0x55f63f997480 (12 bytes)
1768296674.164642 sending message 112 to peer 0x55f63f997480 (13 bytes)
1768296674.164650 sending message 112 to peer 0x55f63f997480 (13 bytes)
1768296674.164658 sending message 112 to peer 0x55f63f997480 (13 bytes)
1768296674.164667 sending message 112 to peer 0x55f63f997480 (13 bytes)
1768296674.164675 sending message 112 to peer 0x55f63f997480 (13 bytes)
1768296674.164684 sending message 112 to peer 0x55f63f997480 (10 bytes)
1768296674.164693 sending message 112 to peer 0x55f63f997480 (9 bytes)
1768296674.164701 sending message 112 to peer 0x55f63f997480 (12 bytes)
1768296674.164710 sending message 112 to peer 0x55f63f997480 (13 bytes)
1768296674.164718 sending message 112 to peer 0x55f63f997480 (13 bytes)
1768296674.164727 sending message 112 to peer 0x55f63f997480 (13 bytes)
1768296674.164746 sending message 112 to peer 0x55f63f997480 (13 bytes)
1768296674.164757 sending message 112 to peer 0x55f63f997480 (13 bytes)
1768296674.164767 sending message 112 to peer 0x55f63f997480 (9 bytes)
1768296674.164777 sending message 112 to peer 0x55f63f997480 (12 bytes)
1768296674.164788 sending message 112 to peer 0x55f63f997480 (13 bytes)
1768296674.164799 sending message 112 to peer 0x55f63f997480 (13 bytes)
1768296674.164822 sending message 112 to peer 0x55f63f997480 (13 bytes)
1768296674.164844 sending message 112 to peer 0x55f63f997480 (13 bytes)
1768296674.164854 sending message 112 to peer 0x55f63f997480 (13 bytes)
1768296674.164865 sending message 112 to peer 0x55f63f997480 (11 bytes)
1768296674.164876 sending message 112 to peer 0x55f63f997480 (12 bytes)
1768296674.164887 sending message 112 to peer 0x55f63f997480 (13 bytes)
1768296674.164898 sending message 112 to peer 0x55f63f997480 (13 bytes)
1768296674.164910 sending message 112 to peer 0x55f63f997480 (13 bytes)
1768296674.164920 sending message 112 to peer 0x55f63f997480 (13 bytes)
1768296674.164931 sending message 112 to peer 0x55f63f997480 (13 bytes)
1768296674.164944 sending message 112 to peer 0x55f63f997480 (11 bytes)
1768296674.164955 sending message 112 to peer 0x55f63f997480 (12 bytes)
1768296674.164964 sending message 112 to peer 0x55f63f997480 (12 bytes)
1768296674.164973 sending message 112 to peer 0x55f63f997480 (12 bytes)
1768296674.164983 sending message 112 to peer 0x55f63f997480 (12 bytes)
1768296674.164992 sending message 112 to peer 0x55f63f997480 (12 bytes)
1768296674.165002 sending message 112 to peer 0x55f63f997480 (22 bytes)
1768296674.165011 sending message 112 to peer 0x55f63f997480 (12 bytes)
1768296674.165019 sending message 112 to peer 0x55f63f997480 (9 bytes)
1768296674.165028 sending message 112 to peer 0x55f63f997480 (6 bytes)
1768296674.165037 sending message 112 to peer 0x55f63f997480 (13 bytes)
1768296674.165045 sending message 112 to peer 0x55f63f997480 (10 bytes)
1768296674.165054 sending message 112 to peer 0x55f63f997480 (15 bytes)
1768296674.165062 sending message 112 to peer 0x55f63f997480 (11 bytes)
1768296674.165071 sending message 112 to peer 0x55f63f997480 (9 bytes)
1768296674.165080 sending message 112 to peer 0x55f63f997480 (70 bytes)
1768296674.165089 sending message 112 to peer 0x55f63f997480 (69 bytes)
1768296674.165099 sending message 112 to peer 0x55f63f997480 (34 bytes)
1768296674.165109 sending message 112 to peer 0x55f63f997480 (34 bytes)
1768296674.165118 sending message 112 to peer 0x55f63f997480 (69 bytes)
1768296674.165127 sending message 112 to peer 0x55f63f997480 (12 bytes)
1768296674.165137 sending message 112 to peer 0x55f63f997480 (10 bytes)
1768296674.165147 sending message 112 to peer 0x55f63f997480 (10 bytes)
1768296674.165157 sending message 112 to peer 0x55f63f997480 (15 bytes)
1768296674.165165 sending message 112 to peer 0x55f63f997480 (11 bytes)
1768296674.165175 sending message 112 to peer 0x55f63f997480 (10 bytes)
1768296674.165184 sending message 112 to peer 0x55f63f997480 (10 bytes)
1768296674.165193 sending message 112 to peer 0x55f63f997480 (17 bytes)
1768296674.165201 sending message 112 to peer 0x55f63f997480 (10 bytes)
1768296674.165210 sending message 112 to peer 0x55f63f997480 (13 bytes)
1768296674.165218 sending message 112 to peer 0x55f63f997480 (17 bytes)
1768296674.165227 sending message 112 to peer 0x55f63f997480 (5 bytes)
1768296674.165236 sending message 112 to peer 0x55f63f997480 (9 bytes)
1768296674.165245 sending message 112 to peer 0x55f63f997480 (15 bytes)
1768296674.165256 sending message 104 to peer 0x55f63f997480 (0 bytes)
1768296674.165266 sending message 110 to peer 0x55f63f997480 (0 bytes)
1768296674.165277 sending message 107 to peer 0x55f63f997480 (4 bytes)
1768296674.165287 sending message 105 to peer 0x55f63f997480 (18 bytes)
1768296674.165297 sending message 105 to peer 0x55f63f997480 (30 bytes)
1768296674.165307 sending message 105 to peer 0x55f63f997480 (35 bytes)
1768296674.165318 sending message 105 to peer 0x55f63f997480 (26 bytes)
1768296674.165329 sending message 105 to peer 0x55f63f997480 (37 bytes)
1768296674.165339 sending message 105 to peer 0x55f63f997480 (54 bytes)
1768296674.165366 sending message 105 to peer 0x55f63f997480 (25 bytes)
1768296674.165376 sending message 105 to peer 0x55f63f997480 (20 bytes)
1768296674.165385 sending message 105 to peer 0x55f63f997480 (11 bytes)
1768296674.165394 sending message 105 to peer 0x55f63f997480 (71 bytes)
1768296674.165413 sending message 105 to peer 0x55f63f997480 (27 bytes)
1768296674.165427 sending message 105 to peer 0x55f63f997480 (29 bytes)
1768296674.165437 sending message 105 to peer 0x55f63f997480 (62 bytes)
1768296674.165445 sending message 105 to peer 0x55f63f997480 (25 bytes)
1768296674.165454 sending message 105 to peer 0x55f63f997480 (21 bytes)
1768296674.165463 sending message 105 to peer 0x55f63f997480 (45 bytes)
1768296674.165471 sending message 105 to peer 0x55f63f997480 (60 bytes)
1768296674.165480 sending message 105 to peer 0x55f63f997480 (39 bytes)
1768296674.165489 sending message 105 to peer 0x55f63f997480 (31 bytes)
1768296674.165497 sending message 105 to peer 0x55f63f997480 (15 bytes)
1768296674.165506 sending message 105 to peer 0x55f63f997480 (17 bytes)
1768296674.165515 sending message 105 to peer 0x55f63f997480 (247 bytes)
1768296674.165525 sending message 105 to peer 0x55f63f997480 (15 bytes)
1768296674.165533 sending message 105 to peer 0x55f63f997480 (145 bytes)
1768296674.165542 sending message 105 to peer 0x55f63f997480 (17 bytes)
1768296674.165551 sending message 105 to peer 0x55f63f997480 (18 bytes)
1768296674.165559 sending message 105 to peer 0x55f63f997480 (21 bytes)
1768296674.165568 sending message 105 to peer 0x55f63f997480 (40 bytes)
1768296674.165577 sending message 105 to peer 0x55f63f997480 (79 bytes)
1768296674.165587 sending message 105 to peer 0x55f63f997480 (16 bytes)
1768296674.165595 sending message 105 to peer 0x55f63f997480 (23 bytes)
1768296674.165604 sending message 105 to peer 0x55f63f997480 (24 bytes)
1768296674.165613 sending message 105 to peer 0x55f63f997480 (25 bytes)
1768296674.165622 sending message 105 to peer 0x55f63f997480 (20 bytes)
1768296674.165631 sending message 105 to peer 0x55f63f997480 (25 bytes)
1768296674.165640 sending message 105 to peer 0x55f63f997480 (20 bytes)
1768296674.165649 sending message 105 to peer 0x55f63f997480 (11 bytes)
1768296674.165657 sending message 105 to peer 0x55f63f997480 (73 bytes)
1768296674.165666 sending message 105 to peer 0x55f63f997480 (29 bytes)
1768296674.165675 sending message 105 to peer 0x55f63f997480 (20 bytes)
1768296674.165684 sending message 105 to peer 0x55f63f997480 (14 bytes)
1768296674.165692 sending message 105 to peer 0x55f63f997480 (32 bytes)
1768296674.165702 sending message 105 to peer 0x55f63f997480 (24 bytes)
1768296674.165710 sending message 105 to peer 0x55f63f997480 (90 bytes)
1768296674.165719 sending message 105 to peer 0x55f63f997480 (21 bytes)
1768296674.165728 sending message 105 to peer 0x55f63f997480 (20 bytes)
1768296674.165737 sending message 105 to peer 0x55f63f997480 (17 bytes)
1768296674.165745 sending message 105 to peer 0x55f63f997480 (29 bytes)
1768296674.165754 sending message 105 to peer 0x55f63f997480 (18 bytes)
1768296674.165763 sending message 105 to peer 0x55f63f997480 (8 bytes)
1768296674.165772 sending message 105 to peer 0x55f63f997480 (22 bytes)
1768296674.165780 sending message 105 to peer 0x55f63f997480 (17 bytes)
1768296674.165789 sending message 105 to peer 0x55f63f997480 (34 bytes)
1768296674.165797 sending message 105 to peer 0x55f63f997480 (38 bytes)
1768296674.165806 sending message 105 to peer 0x55f63f997480 (13 bytes)
1768296674.165815 sending message 105 to peer 0x55f63f997480 (11 bytes)
1768296674.165823 sending message 106 to peer 0x55f63f997480 (0 bytes)
1768296674.165950 sending message 200 to peer 0x55f63f997480 (4 bytes)
1768296674.165960 client loop enter
1768296674.177145 peer 0x55f63f997480 message 207
1768296674.177172 sending message 208 to peer 0x55f63f997480 (0 bytes)
1768296676.738170 peer 0x55f63f997480 message 203
1768296676.738194 sending message 205 to peer 0x55f63f997480 (0 bytes)
1768296676.738775 peer 0x55f63f997480 message 204
1768296676.738784 client loop exit
